PRT1
231
592
4 0 11 (2384 3072 576 ) (2352 3072 576 ) (2352 3072 -160 ) (2384 3072 -160 ) 
4 0 5 (2352 3792 -160 ) (2352 3072 -160 ) (2352 3072 -144 ) (2352 3792 -144 ) 
4 0 4 (2352 3808 -128 ) (2352 3808 -160 ) (2352 3792 -160 ) (2352 3792 -128 ) 
4 0 2 (2352 3072 16 ) (2352 3072 576 ) (2352 3088 576 ) (2352 3088 16 ) 
4 0 3 (2352 3088 -128 ) (2352 3072 -128 ) (2352 3072 0 ) (2352 3088 0 ) 
4 0 1 (2352 3808 576 ) (2352 3808 -128 ) (2352 3088 -128 ) (2352 3088 576 ) 
4 1 7 (2048 3088 576 ) (2048 3792 576 ) (2048 3792 -128 ) (2048 3088 -128 ) 
4 1 6 (2048 3792 576 ) (2048 3808 576 ) (2048 3808 -128 ) (2048 3792 -128 ) 
4 1 4 (2048 3792 -128 ) (2048 3808 -128 ) (2352 3808 -128 ) (2352 3792 -128 ) 
4 1 2 (2352 3088 16 ) (2352 3088 576 ) (2048 3088 576 ) (2048 3088 16 ) 
4 1 3 (2048 3088 -128 ) (2352 3088 -128 ) (2352 3088 0 ) (2048 3088 0 ) 
4 2 12 (2352 3072 576 ) (2048 3072 576 ) (2048 3072 16 ) (2352 3072 16 ) 
4 2 8 (2048 3072 16 ) (2048 3072 576 ) (2048 3088 576 ) (2048 3088 16 ) 
4 3 13 (2048 3072 0 ) (2048 3072 -128 ) (2352 3072 -128 ) (2352 3072 0 ) 
4 3 9 (2048 3072 -128 ) (2048 3072 0 ) (2048 3088 0 ) (2048 3088 -128 ) 
4 4 6 (2048 3792 -128 ) (2048 3808 -128 ) (2048 3808 -160 ) (2048 3792 -160 ) 
4 4 5 (2048 3792 -160 ) (2352 3792 -160 ) (2352 3792 -144 ) (2048 3792 -144 ) 
4 5 16 (2048 3072 -144 ) (2048 3072 -160 ) (2352 3072 -160 ) (2352 3072 -144 ) 
4 5 10 (2048 3072 -160 ) (2048 3072 -144 ) (2048 3792 -144 ) (2048 3792 -160 ) 
4 6 30 (1024 3792 576 ) (1024 3808 576 ) (1024 3808 -160 ) (1024 3792 -160 ) 
4 6 10 (1024 3792 -160 ) (2048 3792 -160 ) (2048 3792 -144 ) (1024 3792 -144 ) 
4 6 7 (2048 3792 -128 ) (2048 3792 576 ) (1024 3792 576 ) (1024 3792 -128 ) 
4 7 31 (1024 3088 576 ) (1024 3792 576 ) (1024 3792 -128 ) (1024 3088 -128 ) 
4 7 8 (2048 3088 16 ) (2048 3088 576 ) (1024 3088 576 ) (1024 3088 16 ) 
4 7 9 (1024 3088 -128 ) (2048 3088 -128 ) (2048 3088 0 ) (1024 3088 0 ) 
4 8 32 (1024 3072 16 ) (1024 3072 576 ) (1024 3088 576 ) (1024 3088 16 ) 
4 8 18 (2048 3072 16 ) (2048 3072 576 ) (1024 3072 576 ) (1024 3072 16 ) 
4 9 33 (1024 3072 -128 ) (1024 3072 0 ) (1024 3088 0 ) (1024 3088 -128 ) 
4 9 19 (2048 3072 -128 ) (2048 3072 0 ) (1024 3072 0 ) (1024 3072 -128 ) 
4 10 35 (1024 3072 -160 ) (1024 3072 -144 ) (1024 3792 -144 ) (1024 3792 -160 ) 
4 10 21 (2048 3072 -160 ) (2048 3072 -144 ) (1024 3072 -144 ) (1024 3072 -160 ) 
4 11 66 (2352 2048 16 ) (2352 2048 -160 ) (2384 2048 -160 ) (2384 2048 16 ) 
4 11 63 (2352 2048 384 ) (2352 2048 16 ) (2384 2048 16 ) (2384 2048 384 ) 
4 11 59 (2384 2048 576 ) (2352 2048 576 ) (2352 2048 384 ) (2384 2048 384 ) 
4 11 16 (2352 3072 -144 ) (2352 3072 -160 ) (2352 2432 -160 ) (2352 2432 -144 ) 
4 11 17 (2352 2432 -160 ) (2352 2048 -160 ) (2352 2048 -128 ) (2352 2432 -128 ) 
4 11 14 (2352 2432 576 ) (2352 2448 576 ) (2352 2448 256 ) (2352 2432 256 ) 
4 11 15 (2352 2048 576 ) (2352 2432 576 ) (2352 2432 -128 ) (2352 2048 -128 ) 
4 11 12 (2352 2448 576 ) (2352 3072 576 ) (2352 3072 16 ) (2352 2448 16 ) 
4 11 13 (2352 3072 0 ) (2352 3072 -128 ) (2352 2448 -128 ) (2352 2448 0 ) 
4 12 18 (2048 3072 576 ) (2048 3072 16 ) (2048 2448 16 ) (2048 2448 576 ) 
4 12 14 (2352 2448 256 ) (2352 2448 576 ) (2048 2448 576 ) (2048 2448 256 ) 
4 13 19 (2048 3072 0 ) (2048 3072 -128 ) (2048 2448 -128 ) (2048 2448 0 ) 
4 14 20 (2048 2432 256 ) (2048 2432 576 ) (2048 2448 576 ) (2048 2448 256 ) 
4 14 15 (2352 2432 256 ) (2352 2432 576 ) (2048 2432 576 ) (2048 2432 256 ) 
4 15 67 (2144 2048 16 ) (2048 2048 16 ) (2048 2048 -128 ) (2144 2048 -128 ) 
4 15 66 (2352 2048 -128 ) (2352 2048 16 ) (2144 2048 16 ) (2144 2048 -128 ) 
4 15 64 (2144 2048 384 ) (2048 2048 384 ) (2048 2048 16 ) (2144 2048 16 ) 
4 15 63 (2352 2048 16 ) (2352 2048 384 ) (2144 2048 384 ) (2144 2048 16 ) 
4 15 61 (2048 2048 400 ) (2048 2048 384 ) (2144 2048 384 ) (2144 2048 400 ) 
4 15 60 (2144 2048 576 ) (2048 2048 576 ) (2048 2048 400 ) (2144 2048 400 ) 
4 15 59 (2352 2048 384 ) (2352 2048 576 ) (2144 2048 576 ) (2144 2048 384 ) 
4 15 25 (2048 2176 -128 ) (2048 2048 -128 ) (2048 2048 576 ) (2048 2176 576 ) 
4 15 23 (2048 2432 -128 ) (2048 2176 -128 ) (2048 2176 0 ) (2048 2432 0 ) 
4 15 22 (2048 2176 0 ) (2048 2176 576 ) (2048 2432 576 ) (2048 2432 0 ) 
4 15 17 (2352 2432 -128 ) (2352 2048 -128 ) (2048 2048 -128 ) (2048 2432 -128 ) 
4 16 21 (2048 3072 -144 ) (2048 3072 -160 ) (2048 2432 -160 ) (2048 2432 -144 ) 
4 16 17 (2048 2432 -160 ) (2352 2432 -160 ) (2352 2432 -144 ) (2048 2432 -144 ) 
4 17 67 (2144 2048 -128 ) (2048 2048 -128 ) (2048 2048 -160 ) (2144 2048 -160 ) 
4 17 66 (2352 2048 -160 ) (2352 2048 -128 ) (2144 2048 -128 ) (2144 2048 -160 ) 
4 17 29 (2048 2432 -160 ) (2048 2048 -160 ) (2048 2048 -144 ) (2048 2432 -144 ) 
4 17 28 (2048 2048 -144 ) (2048 2048 -128 ) (2048 2432 -128 ) (2048 2432 -144 ) 
4 18 46 (1024 3072 48 ) (1024 3072 16 ) (1024 2448 16 ) (1024 2448 48 ) 
4 18 44 (1024 3072 160 ) (1024 3072 48 ) (1024 2448 48 ) (1024 2448 160 ) 
4 18 38 (1024 3072 256 ) (1024 3072 160 ) (1024 2448 160 ) (1024 2448 256 ) 
4 18 36 (1024 3072 576 ) (1024 3072 256 ) (1024 2448 256 ) (1024 2448 576 ) 
4 18 20 (2048 2448 256 ) (2048 2448 576 ) (1024 2448 576 ) (1024 2448 256 ) 
4 19 47 (1024 3072 0 ) (1024 3072 -128 ) (1024 2448 -128 ) (1024 2448 0 ) 
4 20 36 (1024 2432 256 ) (1024 2432 576 ) (1024 2448 576 ) (1024 2448 256 ) 
4 20 22 (2048 2432 256 ) (2048 2432 576 ) (1024 2432 576 ) (1024 2432 256 ) 
4 21 56 (1024 2432 -160 ) (1024 2432 -144 ) (1024 3072 -144 ) (1024 3072 -160 ) 
4 21 29 (2048 2432 -160 ) (2048 2432 -144 ) (1024 2432 -144 ) (1024 2432 -160 ) 
4 22 50 (1024 2432 576 ) (1024 2432 0 ) (1024 2176 0 ) (1024 2176 576 ) 
4 22 27 (1024 2176 16 ) (1024 2176 0 ) (1334.400024 2176 0 ) (1552 2176 16 ) 
4 22 26 (1904 2176 576 ) (1024 2176 576 ) (1024 2176 16 ) (1904 2176 16 ) 
4 22 25 (2048 2176 0 ) (2048 2176 576 ) (1904 2176 576 ) (1904 2176 0 ) 
4 22 24 (1184 2176 0 ) (1024 2176 0 ) (1024 2272 0 ) (1184 2272 0 ) 
4 22 23 (2048 2176 0 ) (1904 2176 0 ) (1904 2432 0 ) (2048 2432 0 ) 
4 23 28 (1936 2432 -128 ) (2048 2432 -128 ) (2048 2176 -128 ) (1936 2176 -128 ) 
4 23 25 (1904 2176 -128 ) (2048 2176 -128 ) (2048 2176 0 ) (1904 2176 0 ) 
3 24 51 (1024 2176 -32 ) (1024 2176 0 ) (1024 2272 0 ) 
4 24 27 (1184 2176 -11.058825 ) (1184 2176 0 ) (1024 2176 0 ) (1024 2176 -22.823530 ) 
4 25 100 (2048 2048 -128 ) (2048 2048 16 ) (1904 2048 16 ) (1904 2048 -128 ) 
4 25 73 (2048 2048 16 ) (2048 2048 384 ) (1904 2048 384 ) (1904 2048 16 ) 
4 25 69 (2048 2048 384 ) (2048 2048 576 ) (1904 2048 576 ) (1904 2048 384 ) 
4 25 28 (2048 2048 -128 ) (1936 2048 -128 ) (1936 2176 -128 ) (2048 2176 -128 ) 
4 25 26 (1904 2048 576 ) (1904 2176 576 ) (1904 2176 16 ) (1904 2048 16 ) 
4 26 74 (1024 2048 384 ) (1024 2048 16 ) (1760 2048 16 ) (1760 2048 384 ) 
4 26 73 (1760 2048 16 ) (1904 2048 16 ) (1904 2048 384 ) (1760 2048 384 ) 
4 26 69 (1904 2048 576 ) (1024 2048 576 ) (1024 2048 384 ) (1904 2048 384 ) 
4 26 53 (1024 2048 16 ) (1024 2048 576 ) (1024 2176 576 ) (1024 2176 16 ) 
4 26 27 (1024 2048 16 ) (1024 2176 16 ) (1552 2176 16 ) (1552 2048 16 ) 
3 27 101 (1024 2048 16 ) (1024 2048 -22.823532 ) (1552 2048 16 ) 
4 27 53 (1024 2048 -22.823540 ) (1024 2048 16 ) (1024 2176 16 ) (1024 2176 -22.823532 ) 
4 28 105 (2048 2048 -144 ) (2048 2048 -128 ) (1936 2048 -128 ) (1936 2048 -144 ) 
4 28 29 (1936 2432 -144 ) (2048 2432 -144 ) (2048 2048 -144 ) (1936 2048 -144 ) 
4 29 107 (2048 2048 -160 ) (2048 2048 -144 ) (1024 2048 -144 ) (1024 2048 -160 ) 
4 29 56 (1024 2048 -160 ) (1024 2048 -144 ) (1024 2432 -144 ) (1024 2432 -160 ) 
4 30 57 (0 3792 576 ) (0 3808 576 ) (0 3808 -160 ) (0 3792 -160 ) 
4 30 35 (0 3792 -160 ) (1024 3792 -160 ) (1024 3792 -144 ) (0 3792 -144 ) 
4 30 34 (16 3792 576 ) (0 3792 576 ) (0 3792 256 ) (16 3792 256 ) 
4 30 31 (1024 3792 -128 ) (1024 3792 576 ) (16 3792 576 ) (16 3792 -128 ) 
4 31 34 (16 3792 576 ) (16 3792 256 ) (16 3088 256 ) (16 3088 576 ) 
4 31 32 (16 3088 576 ) (16 3088 16 ) (1024 3088 16 ) (1024 3088 576 ) 
4 31 33 (16 3088 0 ) (16 3088 -128 ) (1024 3088 -128 ) (1024 3088 0 ) 
4 32 46 (1024 3072 16 ) (1024 3072 48 ) (16 3072 48 ) (16 3072 16 ) 
4 32 44 (1024 3072 48 ) (1024 3072 160 ) (1007.851990 3072 160 ) (1007.851990 3072 48 ) 
4 32 43 (287.987305 3072 160 ) (16 3072 160 ) (16 3072 48 ) (287.987305 3072 48 ) 
4 32 42 (1007.851990 3072 160 ) (287.987305 3072 160 ) (287.987305 3072 48 ) (1007.851990 3072 48 ) 
4 32 38 (1024 3072 160 ) (1024 3072 256 ) (16 3072 256 ) (16 3072 160 ) 
4 32 36 (1024 3072 256 ) (1024 3072 576 ) (16 3072 576 ) (16 3072 256 ) 
4 32 34 (16 3072 256 ) (16 3072 576 ) (16 3088 576 ) (16 3088 256 ) 
4 33 47 (1024 3072 -128 ) (1024 3072 0 ) (16 3072 0 ) (16 3072 -128 ) 
4 34 57 (0 3072 256 ) (0 3072 576 ) (0 3792 576 ) (0 3792 256 ) 
4 34 36 (16 3072 576 ) (0 3072 576 ) (0 3072 256 ) (16 3072 256 ) 
4 35 57 (0 3072 -160 ) (0 3072 -144 ) (0 3792 -144 ) (0 3792 -160 ) 
4 35 56 (1024 3072 -160 ) (1024 3072 -144 ) (0 3072 -144 ) (0 3072 -160 ) 
4 36 58 (0 3072 576 ) (0 3072 256 ) (0 2432 256 ) (0 2432 576 ) 
4 36 50 (1024 2432 256 ) (1024 2432 576 ) (464 2432 576 ) (464 2432 256 ) 
4 36 52 (464 2432 576 ) (0 2432 576 ) (0 2432 256 ) (464 2432 256 ) 
4 36 40 (464 2432 256 ) (0 2432 256 ) (0 2448 256 ) (447.428497 2448 256 ) 
4 36 39 (0 2448 256 ) (0 2880 256 ) (16 2864.551514 256 ) (16 2448 256 ) 
5 36 38 (16 3072 256 ) (1024 3072 256 ) (1024 2448 256 ) (480 2448 256 ) (16 2896 256 ) 
3 36 37 (447.428345 2448 256 ) (16 2448 256 ) (16 2864.551514 256 ) 
3 37 41 (447.428345 2448 160 ) (16 2448 160 ) (16 2864.551514 160 ) 
4 37 40 (16 2448 160 ) (447.428375 2448 160 ) (447.428345 2448 256 ) (16 2448 256 ) 
4 37 39 (16 2864.551514 160 ) (16 2448 160 ) (16 2448 256 ) (16 2864.551514 256 ) 
5 38 44 (1007.851990 3072 160 ) (1024 3072 160 ) (1024 2448 160 ) (480 2448 160 ) (431.155884 2495.159668 160 ) 
4 38 43 (16 3072 160 ) (287.987305 3072 160 ) (64.842560 2848.841553 160 ) (16 2896 160 ) 
4 38 42 (287.987305 3072 160 ) (1007.851990 3072 160 ) (431.155884 2495.159668 160 ) (64.842560 2848.841553 160 ) 
4 39 58 (0 2880 160 ) (0 2448 160 ) (0 2448 256 ) (0 2880 256 ) 
4 39 41 (0 2448 160 ) (0 2880 160 ) (16 2864.551514 160 ) (16 2448 160 ) 
4 39 40 (0 2448 160 ) (16 2448 160 ) (16 2448 256 ) (0 2448 256 ) 
4 40 58 (0 2448 160 ) (0 2432 160 ) (0 2432 256 ) (0 2448 256 ) 
4 40 52 (464 2432 256 ) (0 2432 256 ) (0 2432 160 ) (464 2432 160 ) 
4 40 41 (464 2432 160 ) (0 2432 160 ) (0 2448 160 ) (447.428497 2448 160 ) 
4 41 58 (0 2880.020264 48 ) (0 2432 48 ) (0 2432 160 ) (0 2880.020264 160 ) 
4 41 52 (464 2432 160 ) (0 2432 160 ) (0 2432 48 ) (464 2432 48 ) 
4 41 49 (16 2432 48 ) (0 2432 48 ) (0 2880.020264 48 ) (16 2864.571289 48 ) 
4 41 48 (464 2432 48 ) (16 2432 48 ) (16 2448 48 ) (447.429443 2448 48 ) 
3 41 45 (16 2448 48 ) (16 2864.571289 48 ) (447.429443 2448 48 ) 
4 41 42 (415.157074 2479.156982 48 ) (48.850281 2832.848389 48 ) (48.851974 2832.850098 160 ) (415.158997 2479.158936 160 ) 
4 42 46 (64.842697 2848.841797 48 ) (287.987305 3072 48 ) (1007.851990 3072 48 ) (431.155884 2495.159668 48 ) 
4 42 44 (431.154022 2495.161621 48 ) (1007.848145 3072 48 ) (1007.847656 3072 160 ) (431.153992 2495.161621 160 ) 
4 42 43 (287.992188 3072 48 ) (64.843735 2848.837402 48 ) (64.843735 2848.837402 160 ) (287.992462 3072 160 ) 
4 43 46 (16 2896 48 ) (16 3072 48 ) (287.987305 3072 48 ) (64.840973 2848.840088 48 ) 
5 44 46 (431.155884 2495.159668 48 ) (1007.851990 3072 48 ) (1024 3072 48 ) (1024 2448 48 ) (480 2448 48 ) 
4 45 49 (16 2864.551514 -128 ) (16 2448 -128 ) (16 2448 48 ) (16 2864.551514 48 ) 
4 45 48 (16 2448 48 ) (16 2448 -128 ) (447.428467 2448 -128 ) (447.428497 2448 48 ) 
4 48 52 (16 2432 -128 ) (464 2432 -128 ) (464 2432 48 ) (16 2432 48 ) 
4 48 49 (16 2448 -128 ) (16 2432 -128 ) (16 2432 48 ) (16 2448 48 ) 
4 49 58 (0 2880 -128 ) (0 2432 -128 ) (0 2432 48 ) (0 2880 48 ) 
4 49 52 (0 2432 -128 ) (16 2432 -128 ) (16 2432 48 ) (0 2432 48 ) 
4 50 53 (1024 2176 0 ) (1024 2176 576 ) (464 2176 576 ) (464 2176 0 ) 
4 50 51 (1024 2176 0 ) (464 2176 0 ) (464 2272 0 ) (1024 2272 0 ) 
4 50 52 (464 2176 0 ) (464 2176 576 ) (464 2432 576 ) (464 2432 0 ) 
5 51 53 (1024 2176 -22.823532 ) (1024 2176 0 ) (464 2176 0 ) (464 2176 -32 ) (899.200195 2176 -32 ) 
3 51 52 (464 2176 -32 ) (464 2176 0 ) (464 2272 0 ) 
4 52 58 (0 2432 576 ) (0 2432 -128 ) (0 2176 -128 ) (0 2176 576 ) 
4 52 55 (0 2176 -128 ) (0 2432 -128 ) (464 2432 -128 ) (464 2176 -128 ) 
4 52 54 (0 2176 576 ) (0 2176 -128 ) (464 2176 -128 ) (464 2176 576 ) 
4 53 154 (976 2048 144 ) (592 2048 144 ) (592 2048 -54.588234 ) (976 2048 -26.352943 ) 
4 53 156 (592 2048 144 ) (464 2048 144 ) (464 2048 -64 ) (592 2048 -54.588234 ) 
4 53 152 (1024 2048 -22.823532 ) (1024 2048 144 ) (976 2048 144 ) (976 2048 -26.352943 ) 
4 53 151 (1024 2048 144 ) (1024 2048 576 ) (464 2048 576 ) (464 2048 144 ) 
4 53 54 (464 2048 576 ) (464 2176 576 ) (464 2176 -64 ) (464 2048 -64 ) 
4 54 172 (0 2048 -98.117676 ) (0 2048 -128 ) (464 2048 -128 ) (464 2048 -64 ) 
4 54 156 (0 2048 144 ) (0 2048 -98.117676 ) (464 2048 -64 ) (464 2048 144 ) 
4 54 151 (464 2048 576 ) (0 2048 576 ) (0 2048 144 ) (464 2048 144 ) 
4 54 58 (0 2048 -128 ) (0 2048 576 ) (0 2176 576 ) (0 2176 -128 ) 
4 54 55 (464 2048 -128 ) (0 2048 -128 ) (0 2176 -128 ) (464 2176 -128 ) 
4 55 174 (464 2048 -128 ) (0 2048 -128 ) (0 2048 -144 ) (464 2048 -144 ) 
4 55 58 (0 2048 -144 ) (0 2048 -128 ) (0 2432 -128 ) (0 2432 -144 ) 
4 55 56 (464 2048 -144 ) (0 2048 -144 ) (0 2432 -144 ) (464 2432 -144 ) 
4 56 173 (1024 2048 -160 ) (1024 2048 -144 ) (464 2048 -144 ) (464 2048 -160 ) 
4 56 174 (464 2048 -144 ) (0 2048 -144 ) (0 2048 -160 ) (464 2048 -160 ) 
4 56 58 (0 2048 -160 ) (0 2048 -144 ) (0 3072 -144 ) (0 3072 -160 ) 
4 57 58 (0 3072 -160 ) (0 3072 576 ) (-16 3072 576 ) (-16 3072 -160 ) 
4 58 196 (0 2048 -160 ) (0 2048 576 ) (-16 2048 576 ) (-16 2048 -160 ) 
4 59 108 (2384 1024 576 ) (2144 1024 576 ) (2144 1024 384 ) (2384 1024 384 ) 
4 59 63 (2144 2048 384 ) (2384 2048 384 ) (2384 1024 384 ) (2144 1024 384 ) 
4 59 61 (2144 2048 384 ) (2144 1408 384 ) (2144 1408 400 ) (2144 2048 400 ) 
4 59 60 (2144 1024 400 ) (2144 1024 576 ) (2144 2048 576 ) (2144 2048 400 ) 
4 60 110 (2096 1024 576 ) (2048 1024 576 ) (2048 1024 400 ) (2096 1024 400 ) 
4 60 109 (2144 1024 576 ) (2096 1024 576 ) (2096 1024 400 ) (2144 1024 400 ) 
4 60 71 (2048 1024 400 ) (2048 1024 544 ) (2048 1408 544 ) (2048 1408 400 ) 
4 60 70 (2048 1024 544 ) (2048 1024 576 ) (2048 1408 576 ) (2048 1408 544 ) 
4 60 69 (2048 1408 576 ) (2048 2048 576 ) (2048 2048 400 ) (2048 1408 400 ) 
4 60 62 (2048 1024 400 ) (2048 1360 400 ) (2096 1360 400 ) (2096 1024 400 ) 
4 60 61 (2048 1408 400 ) (2048 2048 400 ) (2144 2048 400 ) (2144 1408 400 ) 
4 61 69 (2048 1408 400 ) (2048 2048 400 ) (2048 2048 384 ) (2048 1408 384 ) 
4 61 64 (2048 2048 384 ) (2144 2048 384 ) (2144 1408 384 ) (2048 1408 384 ) 
4 62 110 (2048 1024 400 ) (2048 1024 384 ) (2096 1024 384 ) (2096 1024 400 ) 
4 62 72 (2048 1024 384 ) (2048 1024 400 ) (2048 1360 400 ) (2048 1360 384 ) 
4 62 65 (2096 1024 384 ) (2048 1024 384 ) (2048 1360 384 ) (2096 1360 384 ) 
4 63 112 (2384 1024 384 ) (2144 1024 384 ) (2144 1024 16 ) (2384 1024 16 ) 
4 63 66 (2384 1024 16 ) (2144 1024 16 ) (2144 2048 16 ) (2384 2048 16 ) 
4 63 64 (2144 2048 16 ) (2144 1408 16 ) (2144 1408 384 ) (2144 2048 384 ) 
4 64 73 (2048 1408 384 ) (2048 2048 384 ) (2048 2048 16 ) (2048 1408 16 ) 
4 64 67 (2048 1408 16 ) (2048 2048 16 ) (2144 2048 16 ) (2144 1408 16 ) 
4 65 113 (2128 1024 384 ) (2048 1024 384 ) (2048 1024 16 ) (2128 1024 16 ) 
4 65 78 (2048 1024 16 ) (2048 1024 384 ) (2048 1184 384 ) (2048 1184 16 ) 
4 65 77 (2048 1184 384 ) (2048 1392 384 ) (2048 1392 16 ) (2048 1184 16 ) 
4 66 112 (2384 1024 16 ) (2144 1024 16 ) (2144 1024 -160 ) (2384 1024 -160 ) 
4 66 68 (2144 1408 -160 ) (2144 1024 -160 ) (2144 1024 0 ) (2144 1408 0 ) 
4 66 67 (2144 2048 -160 ) (2144 1408 -160 ) (2144 1408 16 ) (2144 2048 16 ) 
4 67 107 (2048 2048 -144 ) (2048 2048 -160 ) (2048 1408 -160 ) (2048 1408 -144 ) 
4 67 105 (2048 2048 -128 ) (2048 2048 -144 ) (2048 1408 -144 ) (2048 1408 -128 ) 
4 67 100 (2048 1408 16 ) (2048 2048 16 ) (2048 2048 -128 ) (2048 1408 -128 ) 
4 67 68 (2048 1408 -160 ) (2144 1408 -160 ) (2144 1408 0 ) (2048 1408 0 ) 
4 68 115 (2048 1024 0 ) (2048 1024 -160 ) (2144 1024 -160 ) (2144 1024 0 ) 
4 68 107 (2048 1024 -160 ) (2048 1024 -144 ) (2048 1408 -144 ) (2048 1408 -160 ) 
4 68 105 (2048 1024 -144 ) (2048 1024 -128 ) (2048 1408 -128 ) (2048 1408 -144 ) 
4 68 104 (2048 1024 -128 ) (2048 1024 0 ) (2048 1408 0 ) (2048 1408 -128 ) 
4 69 157 (1024 1504 384 ) (1024 1408 384 ) (1024 1408 576 ) (1024 1504 576 ) 
4 69 151 (1024 2048 576 ) (1024 2048 384 ) (1024 1504 384 ) (1024 1504 576 ) 
4 69 75 (1024 1408 384 ) (1024 1600 384 ) (1760 1600 384 ) (1760 1408 384 ) 
4 69 74 (1024 1600 384 ) (1024 2048 384 ) (1760 2048 384 ) (1760 1600 384 ) 
4 69 73 (1760 2048 384 ) (2048 2048 384 ) (2048 1408 384 ) (1760 1408 384 ) 
4 69 71 (1696 1408 400 ) (2048 1408 400 ) (2048 1408 544 ) (1696 1408 544 ) 
4 69 70 (1024 1408 576 ) (1024 1408 544 ) (2048 1408 544 ) (2048 1408 576 ) 
4 70 175 (1024 1024 544 ) (1024 1024 576 ) (1024 1408 576 ) (1024 1408 544 ) 
4 70 118 (1696 1024 576 ) (1024 1024 576 ) (1024 1024 544 ) (1696 1024 544 ) 
4 70 116 (2048 1024 544 ) (2048 1024 576 ) (1696 1024 576 ) (1696 1024 544 ) 
4 70 71 (1696 1408 544 ) (2048 1408 544 ) (2048 1024 544 ) (1696 1024 544 ) 
4 71 116 (2048 1024 400 ) (2048 1024 544 ) (1696 1024 544 ) (1696 1024 400 ) 
4 71 72 (2048 1024 400 ) (1728 1024 400 ) (1728 1360 400 ) (2048 1360 400 ) 
4 72 117 (2048 1024 384 ) (2048 1024 400 ) (1728 1024 400 ) (1728 1024 384 ) 
4 72 78 (2048 1024 384 ) (1728 1024 384 ) (1728 1184 384 ) (2048 1184 384 ) 
4 72 77 (1728 1184 384 ) (1728 1360 384 ) (2048 1360 384 ) (2048 1184 384 ) 
4 73 102 (1904 1920 16 ) (1904 1664 16 ) (1760 1664 16 ) (1760 1920 16 ) 
4 73 100 (1904 2048 16 ) (2048 2048 16 ) (2048 1408 16 ) (1904 1408 16 ) 
4 73 75 (1760 1408 144 ) (1760 1408 384 ) (1760 1600 384 ) (1760 1600 144 ) 
4 73 76 (1760 1600 16 ) (1760 1408 16 ) (1760 1408 128 ) (1760 1600 128 ) 
4 73 74 (1760 2048 16 ) (1760 1600 16 ) (1760 1600 384 ) (1760 2048 384 ) 
4 74 152 (1024 2048 144 ) (1024 2048 16 ) (1024 1600 16 ) (1024 1600 144 ) 
4 74 151 (1024 2048 384 ) (1024 2048 144 ) (1024 1600 144 ) (1024 1600 384 ) 
4 74 103 (1024 1600 16 ) (1024 1664 16 ) (1552 1664 16 ) (1552 1600 16 ) 
4 74 101 (1024 1920 16 ) (1024 2048 16 ) (1552 2048 16 ) (1552 1920 16 ) 
4 74 102 (1024 1664 16 ) (1024 1920 16 ) (1760 1920 16 ) (1760 1664 16 ) 
4 74 75 (1760 1600 144 ) (1760 1600 384 ) (1024 1600 384 ) (1024 1600 144 ) 
4 74 76 (1024 1600 16 ) (1760 1600 16 ) (1760 1600 128 ) (1024 1600 128 ) 
4 75 157 (1024 1408 144 ) (1024 1408 384 ) (1024 1504 384 ) (1024 1504 144 ) 
4 75 151 (1024 1504 384 ) (1024 1600 384 ) (1024 1600 144 ) (1024 1504 144 ) 
4 75 80 (1408 1408 256 ) (1408 1408 144 ) (1568 1408 144 ) (1568 1408 256 ) 
4 76 159 (1024 1504 16 ) (1024 1408 16 ) (1024 1408 128 ) (1024 1504 128 ) 
4 76 153 (1024 1600 16 ) (1024 1504 16 ) (1024 1504 128 ) (1024 1600 128 ) 
4 76 103 (1024 1408 16 ) (1024 1600 16 ) (1552 1600 16 ) (1552 1408 16 ) 
4 76 81 (1504 1408 16 ) (1664 1408 16 ) (1664 1408 128 ) (1504 1408 128 ) 
4 77 78 (1696 1184 16 ) (2048 1184 16 ) (2048 1184 384 ) (1696 1184 384 ) 
4 78 122 (2048 1024 16 ) (2048 1024 384 ) (1696 1024 384 ) (1696 1024 16 ) 
4 78 79 (1696 1184 256 ) (1696 1184 16 ) (1696 1024 16 ) (1696 1024 256 ) 
4 79 88 (1680 1024 144 ) (1680 1024 256 ) (1680 1104 256 ) (1680 1104 144 ) 
4 79 82 (1680 1104 256 ) (1680 1184 256 ) (1680 1184 144 ) (1680 1104 144 ) 
4 80 82 (1408 1392 256 ) (1408 1392 144 ) (1568 1392 144 ) (1568 1392 256 ) 
4 81 90 (1504 1392 16 ) (1664 1392 16 ) (1664 1392 128 ) (1504 1392 128 ) 
4 82 88 (1680 1104 144 ) (1680 1104 384 ) (1296 1104 384 ) (1296 1104 144 ) 
4 82 83 (1666 1104 144 ) (1296 1104 144 ) (1296 1120 144 ) (1680 1120 144 ) 
4 83 94 (1312 1104 128 ) (1264 1104 128 ) (1264 1120 128 ) (1312 1120 128 ) 
4 83 92 (1456 1104 128 ) (1392 1104 128 ) (1392 1120 128 ) (1456 1120 128 ) 
4 83 90 (1664 1104 128 ) (1504 1104 128 ) (1504 1120 128 ) (1664 1120 128 ) 
4 83 89 (1264 1104 128 ) (1666 1104 128 ) (1666 1104 144 ) (1264 1104 144 ) 
4 84 177 (1024 1104 384 ) (1024 1392 384 ) (1024 1392 272 ) (1024 1104 272 ) 
4 84 88 (1264 1104 272 ) (1264 1104 384 ) (1024 1104 384 ) (1024 1104 272 ) 
4 85 178 (1024 1392 256 ) (1024 1392 144 ) (1024 1120 144 ) (1024 1120 256 ) 
4 85 87 (1056 1120 256 ) (1024 1120 256 ) (1024 1120 144 ) (1056 1120 144 ) 
4 85 86 (1264 1120 176 ) (1264 1120 256 ) (1136 1120 256 ) (1136 1120 176 ) 
4 86 88 (1264 1104 176 ) (1264 1104 256 ) (1136 1104 256 ) (1136 1104 176 ) 
4 87 184 (1024 1120 128 ) (1024 1104 128 ) (1024 1104 256 ) (1024 1120 256 ) 
4 87 98 (1056 1104 128 ) (1024 1104 128 ) (1024 1120 128 ) (1056 1120 128 ) 
4 87 89 (1024 1104 128 ) (1056 1104 128 ) (1056 1104 144 ) (1024 1104 144 ) 
4 87 88 (1056 1104 144 ) (1056 1104 256 ) (1024 1104 256 ) (1024 1104 144 ) 
4 88 192 (1024 1024 144 ) (1024 1024 384 ) (1024 1104 384 ) (1024 1104 144 ) 
4 88 141 (1568 1024 384 ) (1024 1024 384 ) (1024 1024 144 ) (1568 1024 144 ) 
4 88 127 (1584 1024 384 ) (1568 1024 384 ) (1568 1024 144 ) (1584 1024 144 ) 
4 88 126 (1680 1024 384 ) (1584 1024 384 ) (1584 1024 144 ) (1680 1024 144 ) 
4 88 89 (1024 1104 144 ) (1666 1104 144 ) (1596 1024 144 ) (1024 1024 144 ) 
4 89 192 (1024 1024 128 ) (1024 1024 144 ) (1024 1104 144 ) (1024 1104 128 ) 
4 89 141 (1024 1024 144 ) (1024 1024 128 ) (1568 1024 128 ) (1568 1024 144 ) 
4 89 128 (1568 1024 128 ) (1596 1024 128 ) (1596 1024 144 ) (1568 1024 144 ) 
5 89 99 (1596 1024 128 ) (1024 1024 128 ) (1024 1104 128 ) (1664 1104 128 ) (1664 1101.714233 128 ) 
4 90 99 (1504 1104 16 ) (1664 1104 16 ) (1664 1104 128 ) (1504 1104 128 ) 
4 91 93 (1392 1120 128 ) (1392 1392 128 ) (1392 1392 16 ) (1392 1120 16 ) 
4 91 92 (1392 1120 128 ) (1392 1120 48 ) (1456 1120 48 ) (1456 1120 128 ) 
4 92 99 (1456 1104 48 ) (1456 1104 128 ) (1392 1104 128 ) (1392 1104 48 ) 
4 93 94 (1312 1120 128 ) (1312 1392 128 ) (1312 1392 16 ) (1312 1120 16 ) 
4 94 99 (1232 1104 16 ) (1312 1104 16 ) (1312 1104 128 ) (1232 1104 128 ) 
4 95 97 (1136 1120 128 ) (1136 1392 128 ) (1136 1392 16 ) (1136 1120 16 ) 
4 95 96 (1136 1120 128 ) (1136 1120 48 ) (1200 1120 48 ) (1200 1120 128 ) 
4 96 99 (1200 1104 48 ) (1200 1104 128 ) (1136 1104 128 ) (1136 1104 48 ) 
4 97 98 (1056 1120 128 ) (1056 1392 128 ) (1056 1392 16 ) (1056 1120 16 ) 
4 98 184 (1024 1120 16 ) (1024 1104 16 ) (1024 1104 128 ) (1024 1120 128 ) 
4 98 179 (1024 1392 16 ) (1024 1120 16 ) (1024 1120 128 ) (1024 1392 128 ) 
4 98 99 (1024 1104 16 ) (1056 1104 16 ) (1056 1104 128 ) (1024 1104 128 ) 
4 99 192 (1024 1104 16 ) (1024 1024 16 ) (1024 1024 128 ) (1024 1104 128 ) 
4 99 146 (1040 1024 16 ) (1120 1024 16 ) (1120 1024 128 ) (1040 1024 128 ) 
4 99 148 (1024 1024 128 ) (1024 1024 16 ) (1040 1024 16 ) (1040 1024 128 ) 
4 99 142 (1552 1024 16 ) (1568 1024 16 ) (1568 1024 128 ) (1552 1024 128 ) 
4 99 145 (1120 1024 16 ) (1552 1024 16 ) (1552 1024 128 ) (1120 1024 128 ) 
4 99 129 (1568 1024 16 ) (1664 1024 16 ) (1664 1024 128 ) (1568 1024 128 ) 
4 100 105 (1936 2048 -128 ) (2048 2048 -128 ) (2048 1408 -128 ) (1936 1408 -128 ) 
4 100 104 (1904 1408 -128 ) (2048 1408 -128 ) (2048 1408 0 ) (1904 1408 0 ) 
4 100 102 (1904 1920 -128 ) (1904 1664 -128 ) (1904 1664 16 ) (1904 1920 16 ) 
4 101 152 (1024 2048 16 ) (1024 2048 -22.823532 ) (1024 1920 -22.823540 ) (1024 1920 16 ) 
3 101 102 (1552 1920 16 ) (1024 1920 16 ) (1024 1920 -22.823532 ) 
4 102 171 (1024 1920 -128 ) (1024 1664 -128 ) (1024 1664 -22.823540 ) (1024 1920 -22.823532 ) 
4 102 152 (1024 1664 -22.823540 ) (1024 1664 16 ) (1024 1920 16 ) (1024 1920 -22.823532 ) 
3 102 103 (1552 1664 16 ) (1024 1664 16 ) (1024 1664 -22.823532 ) 
4 103 159 (1024 1408 -22.823540 ) (1024 1408 16 ) (1024 1504 16 ) (1024 1504 -22.823536 ) 
4 103 153 (1024 1504 16 ) (1024 1600 16 ) (1024 1600 -22.823534 ) (1024 1504 -22.823536 ) 
4 103 152 (1024 1600 16 ) (1024 1664 16 ) (1024 1664 -22.823532 ) (1024 1600 -22.823534 ) 
3 103 104 (1024 1408 0 ) (1024 1408 -22.823532 ) (1334.400024 1408 0 ) 
4 104 195 (1024 1408 -128 ) (1024 1024 -128 ) (1024 1024 0 ) (1024 1408 0 ) 
4 104 150 (2048 1024 -128 ) (2048 1024 0 ) (1024 1024 0 ) (1024 1024 -128 ) 
4 104 106 (1936 1024 -128 ) (1024 1024 -128 ) (1024 1408 -128 ) (1936 1408 -128 ) 
4 104 105 (2048 1024 -128 ) (1936 1024 -128 ) (1936 1408 -128 ) (2048 1408 -128 ) 
4 105 150 (2048 1024 -144 ) (2048 1024 -128 ) (1936 1024 -128 ) (1936 1024 -144 ) 
4 105 107 (1936 2048 -144 ) (2048 2048 -144 ) (2048 1024 -144 ) (1936 1024 -144 ) 
4 105 106 (1936 1408 -144 ) (1936 1024 -144 ) (1936 1024 -128 ) (1936 1408 -128 ) 
4 106 195 (1024 1408 -144 ) (1024 1024 -144 ) (1024 1024 -128 ) (1024 1408 -128 ) 
4 106 150 (1936 1024 -128 ) (1024 1024 -128 ) (1024 1024 -144 ) (1936 1024 -144 ) 
4 106 107 (1024 1024 -144 ) (1024 1408 -144 ) (1936 1408 -144 ) (1936 1024 -144 ) 
4 107 195 (1024 1408 -160 ) (1024 1024 -160 ) (1024 1024 -144 ) (1024 1408 -144 ) 
4 107 173 (1024 2048 -144 ) (1024 2048 -160 ) (1024 1408 -160 ) (1024 1408 -144 ) 
4 107 150 (2048 1024 -160 ) (2048 1024 -144 ) (1024 1024 -144 ) (1024 1024 -160 ) 
4 108 112 (2144 1024 384 ) (2384 1024 384 ) (2384 144 384 ) (2144 144 384 ) 
4 108 109 (2144 144 400 ) (2144 144 576 ) (2144 1024 576 ) (2144 1024 400 ) 
4 109 111 (2096 144 400 ) (2096 144 576 ) (2096 640 576 ) (2096 640 400 ) 
4 109 110 (2096 640 576 ) (2096 1024 576 ) (2096 1024 400 ) (2096 640 400 ) 
4 110 117 (2048 1024 400 ) (2048 1024 384 ) (2048 640 384 ) (2048 640 400 ) 
4 110 116 (2048 1024 576 ) (2048 1024 400 ) (2048 640 400 ) (2048 640 576 ) 
4 110 113 (2048 640 384 ) (2048 1024 384 ) (2096 1024 384 ) (2096 640 384 ) 
4 110 111 (2096 640 400 ) (2096 640 576 ) (2048 640 576 ) (2048 640 400 ) 
4 111 116 (2048 144 400 ) (2048 144 576 ) (2048 640 576 ) (2048 640 400 ) 
4 112 115 (2144 1024 -160 ) (2144 144 -160 ) (2144 144 0 ) (2144 1024 0 ) 
4 112 114 (2144 144 16 ) (2144 144 384 ) (2144 352 384 ) (2144 352 16 ) 
4 113 122 (2048 1024 384 ) (2048 1024 16 ) (2048 608 16 ) (2048 608 384 ) 
4 114 123 (2048 352 16 ) (2048 144 16 ) (2048 144 384 ) (2048 352 384 ) 
4 115 150 (2048 1024 0 ) (2048 1024 -160 ) (2048 144 -160 ) (2048 144 0 ) 
4 116 121 (1696 144 400 ) (1696 144 544 ) (1696 544 544 ) (1696 544 400 ) 
3 116 119 (1696 544 544 ) (1696 1008 544 ) (1696 544 400 ) 
4 116 118 (1696 144 544 ) (1696 144 576 ) (1696 1024 576 ) (1696 1024 544 ) 
4 116 117 (1728 640 400 ) (1728 1024 400 ) (2048 1024 400 ) (2048 640 400 ) 
4 117 122 (2048 1024 384 ) (2048 640 384 ) (1728 640 384 ) (1728 1024 384 ) 
4 118 215 (1024 544 544 ) (1024 144 544 ) (1024 144 576 ) (1024 544 576 ) 
4 118 197 (1024 1024 576 ) (1024 1024 544 ) (1024 544 544 ) (1024 544 576 ) 
4 118 121 (1696 544 544 ) (1696 144 544 ) (1024 144 544 ) (1024 544 544 ) 
4 118 119 (1696 1008 544 ) (1696 544 544 ) (1552 544 544 ) (1552 1008 544 ) 
4 118 120 (1552 544 544 ) (1024 544 544 ) (1024 1008 544 ) (1552 1008 544 ) 
4 119 121 (1696 544 400 ) (1696 544 544 ) (1552 544 544 ) (1552 544 400 ) 
3 119 120 (1552 1008 544 ) (1552 544 400 ) (1552 544 544 ) 
4 120 199 (1024 1008 384 ) (1024 544 384 ) (1024 544 544 ) (1024 1008 544 ) 
4 120 141 (1024 544 384 ) (1024 1008 384 ) (1552 1008 384 ) (1552 544 384 ) 
4 120 121 (1552 544 400 ) (1552 544 544 ) (1024 544 544 ) (1024 544 400 ) 
4 121 215 (1024 144 400 ) (1024 144 544 ) (1024 544 544 ) (1024 544 400 ) 
4 122 124 (1696 896 16 ) (1696 736 16 ) (1696 736 128 ) (1696 896 128 ) 
4 123 125 (1696 336 16 ) (1696 176 16 ) (1696 176 128 ) (1696 336 128 ) 
4 124 130 (1680 896 16 ) (1680 736 16 ) (1680 736 128 ) (1680 896 128 ) 
4 125 137 (1680 336 16 ) (1680 176 16 ) (1680 176 128 ) (1680 336 128 ) 
4 126 131 (1584 672 144 ) (1680 672 144 ) (1680 672 384 ) (1584 672 384 ) 
3 126 128 (1584 1010.285767 144 ) (1584 1024 144 ) (1596 1024 144 ) 
4 126 127 (1584 1024 144 ) (1584 704 144 ) (1584 704 384 ) (1584 1024 384 ) 
4 127 141 (1568 704 384 ) (1568 1024 384 ) (1568 1024 144 ) (1568 704 144 ) 
4 127 128 (1568 992 144 ) (1568 1024 144 ) (1584 1024 144 ) (1584 1010.285767 144 ) 
4 128 141 (1568 992 144 ) (1568 1024 144 ) (1568 1024 128 ) (1568 992 128 ) 
3 128 129 (1568 992 128 ) (1568 1024 128 ) (1596 1024 128 ) 
4 129 142 (1568 1024 16 ) (1568 912 16 ) (1568 912 128 ) (1568 1024 128 ) 
4 130 142 (1568 896 16 ) (1568 736 16 ) (1568 736 128 ) (1568 896 128 ) 
4 131 138 (1584 672 288 ) (1584 672 176 ) (1584 640 176 ) (1584 640 288 ) 
4 131 132 (1584 640 384 ) (1584 640 128 ) (1680 640 128 ) (1680 640 384 ) 
4 132 138 (1584 608 176 ) (1584 608 288 ) (1584 640 288 ) (1584 640 176 ) 
4 132 133 (1584 608 384 ) (1584 608 112 ) (1680 608 112 ) (1680 608 384 ) 
4 133 138 (1584 576 176 ) (1584 576 288 ) (1584 608 288 ) (1584 608 176 ) 
4 133 134 (1584 576 384 ) (1584 576 96 ) (1680 576 96 ) (1680 576 384 ) 
4 134 138 (1584 544 176 ) (1584 544 288 ) (1584 576 288 ) (1584 576 176 ) 
4 134 135 (1584 544 384 ) (1584 544 80 ) (1680 544 80 ) (1680 544 384 ) 
4 135 138 (1584 512 176 ) (1584 512 288 ) (1584 544 288 ) (1584 544 176 ) 
4 135 136 (1584 512 384 ) (1584 512 64 ) (1680 512 64 ) (1680 512 384 ) 
6 136 139 (1584 368 48 ) (1584 368 144 ) (1584 384 176 ) (1584 432 176 ) (1584 448 144 ) (1584 448 48 ) 
4 136 138 (1584 512 288 ) (1584 512 176 ) (1584 480 176 ) (1584 480 288 ) 
4 137 140 (1584 336 16 ) (1584 176 16 ) (1584 176 128 ) (1584 336 128 ) 
4 138 141 (1568 672 288 ) (1568 672 176 ) (1568 480 176 ) (1568 480 288 ) 
4 139 143 (1568 368 32 ) (1568 368 128 ) (1568 448 128 ) (1568 448 32 ) 
6 139 141 (1568 368 128 ) (1568 368 144 ) (1568 384 176 ) (1568 432 176 ) (1568 448 144 ) (1568 448 128 ) 
4 140 144 (1568 336 16 ) (1568 176 16 ) (1568 176 128 ) (1568 336 128 ) 
4 141 217 (1024 160 384 ) (1024 544 384 ) (1024 544 128 ) (1024 160 128 ) 
4 141 202 (1024 544 384 ) (1024 1024 384 ) (1024 1024 128 ) (1024 544 128 ) 
4 141 146 (1040 1024 128 ) (1120 1024 128 ) (1120 576 128 ) (1040 576 128 ) 
4 141 147 (1120 560 128 ) (1120 160 128 ) (1040 160 128 ) (1040 560 128 ) 
4 141 148 (1024 160 128 ) (1024 1024 128 ) (1040 1024 128 ) (1040 160 128 ) 
4 141 143 (1568 448 128 ) (1568 368 128 ) (1552 368 128 ) (1552 448 128 ) 
4 141 142 (1552 1024 128 ) (1568 1024 128 ) (1568 448 128 ) (1552 448 128 ) 
4 141 144 (1568 368 128 ) (1568 160 128 ) (1552 160 128 ) (1552 368 128 ) 
4 141 145 (1120 1024 128 ) (1552 1024 128 ) (1552 160 128 ) (1120 160 128 ) 
4 142 143 (1552 448 128 ) (1552 448 32 ) (1568 448 32 ) (1568 448 128 ) 
4 142 145 (1552 1024 16 ) (1552 448 16 ) (1552 448 128 ) (1552 1024 128 ) 
4 143 145 (1552 368 32 ) (1552 368 128 ) (1552 448 128 ) (1552 448 32 ) 
4 143 144 (1552 368 128 ) (1552 368 32 ) (1568 368 32 ) (1568 368 128 ) 
4 144 145 (1552 368 16 ) (1552 160 16 ) (1552 160 128 ) (1552 368 128 ) 
4 145 149 (1120 160 16 ) (1248 160 16 ) (1248 160 128 ) (1120 160 128 ) 
4 145 146 (1120 1024 16 ) (1120 576 16 ) (1120 576 128 ) (1120 1024 128 ) 
4 145 147 (1120 560 16 ) (1120 160 16 ) (1120 160 128 ) (1120 560 128 ) 
4 146 148 (1040 1024 16 ) (1040 576 16 ) (1040 576 128 ) (1040 1024 128 ) 
4 147 149 (1088 160 16 ) (1120 160 16 ) (1120 160 128 ) (1088 160 128 ) 
4 147 148 (1040 560 16 ) (1040 160 16 ) (1040 160 128 ) (1040 560 128 ) 
4 148 217 (1024 544 16 ) (1024 160 16 ) (1024 160 128 ) (1024 544 128 ) 
4 148 202 (1024 1024 128 ) (1024 1024 16 ) (1024 544 16 ) (1024 544 128 ) 
4 150 228 (1024 1024 0 ) (1024 1024 -160 ) (1024 144 -160 ) (1024 144 0 ) 
4 151 196 (0 2048 576 ) (0 2048 144 ) (0 1504 144 ) (0 1504 576 ) 
4 151 169 (656 1504 576 ) (0 1504 576 ) (0 1504 144 ) (656 1504 144 ) 
4 151 168 (688 1504 576 ) (656 1504 576 ) (656 1504 144 ) (688 1504 144 ) 
4 151 167 (720 1504 576 ) (688 1504 576 ) (688 1504 144 ) (720 1504 144 ) 
4 151 166 (752 1504 576 ) (720 1504 576 ) (720 1504 144 ) (752 1504 144 ) 
4 151 165 (784 1504 576 ) (752 1504 576 ) (752 1504 144 ) (784 1504 144 ) 
4 151 164 (816 1504 576 ) (784 1504 576 ) (784 1504 144 ) (816 1504 144 ) 
4 151 157 (1024 1504 144 ) (1024 1504 576 ) (976 1504 576 ) (976 1504 144 ) 
4 151 158 (976 1504 576 ) (816 1504 576 ) (816 1504 144 ) (976 1504 144 ) 
4 151 155 (944 1504 144 ) (592 1504 144 ) (592 1520 144 ) (944 1520 144 ) 
4 151 154 (592 1520 144 ) (592 2048 144 ) (976 2048 144 ) (976 1520 144 ) 
4 151 156 (592 1504 144 ) (0 1504 144 ) (0 2048 144 ) (592 2048 144 ) 
4 151 152 (976 1600 144 ) (976 2048 144 ) (1024 2048 144 ) (1024 1600 144 ) 
4 152 171 (1024 1920 -22.823542 ) (1024 1664 -22.823513 ) (976 1664 -26.352926 ) (976 1920 -26.352953 ) 
4 152 154 (976 2048 -26.351574 ) (976 1600 -26.351564 ) (976 1600 144 ) (976 2048 144 ) 
4 152 153 (976 1600 128 ) (976 1600 -26.352951 ) (1024 1600 -22.823545 ) (1024 1600 128 ) 
4 153 159 (976 1504 -26.352669 ) (1024 1504 -22.823242 ) (1024 1504 128 ) (976 1504 128 ) 
4 153 154 (976 1600 -26.351564 ) (976 1520 -26.351563 ) (976 1520 128 ) (976 1600 128 ) 
4 154 171 (976 1920 -26.352953 ) (976 1664 -26.352928 ) (592 1664 -54.588234 ) (592 1920 -54.588253 ) 
3 154 155 (592 1520 144 ) (592 1520 -32 ) (944 1520 144 ) 
4 154 156 (592 2048 -54.582085 ) (592 1520 -54.582031 ) (592 1520 144 ) (592 2048 144 ) 
4 155 169 (656 1504 144 ) (592 1504 144 ) (592 1504 -32 ) (656 1504 0 ) 
4 155 168 (688 1504 144 ) (656 1504 144 ) (656 1504 0 ) (688 1504 16 ) 
4 155 167 (720 1504 144 ) (688 1504 144 ) (688 1504 16 ) (720 1504 32 ) 
4 155 166 (752 1504 144 ) (720 1504 144 ) (720 1504 32 ) (752 1504 48 ) 
4 155 165 (784 1504 144 ) (752 1504 144 ) (752 1504 48 ) (784 1504 64 ) 
4 155 164 (816 1504 144 ) (784 1504 144 ) (784 1504 64 ) (816 1504 80 ) 
4 155 163 (816 1504 128 ) (816 1504 80 ) (848 1504 96 ) (848 1504 128 ) 
4 155 162 (848 1504 96 ) (880 1504 112 ) (880 1504 128 ) (848 1504 128 ) 
3 155 161 (880 1504 112 ) (912 1504 128 ) (880 1504 128 ) 
4 155 158 (944 1504 144 ) (816 1504 144 ) (816 1504 128 ) (912 1504 128 ) 
4 155 156 (592 1504 -32 ) (592 1504 144 ) (592 1520 144 ) (592 1520 -32 ) 
4 156 196 (0 2048 144 ) (0 2048 -98.117676 ) (0 1504 -98.117661 ) (0 1504 144 ) 
4 156 171 (592 1920 -54.588253 ) (592 1664 -54.588238 ) (464 1664 -64 ) (464 1920 -64 ) 
4 156 172 (0 1504 -98.117676 ) (0 2048 -98.117676 ) (464 2048 -64 ) (464 1504 -64 ) 
4 156 170 (0 1504 -98.117676 ) (592 1504 -54.588081 ) (592 1504 -32 ) (0 1504 -32 ) 
4 156 169 (592 1504 -32 ) (592 1504 144 ) (0 1504 144 ) (0 1504 -32 ) 
4 157 175 (1024 1408 544 ) (1024 1408 576 ) (976 1408 576 ) (976 1408 544 ) 
4 157 158 (976 1408 144 ) (976 1408 576 ) (976 1504 576 ) (976 1504 144 ) 
4 158 175 (976 1408 576 ) (816 1408 576 ) (816 1408 544 ) (976 1408 544 ) 
4 158 164 (816 1504 576 ) (816 1504 128 ) (816 1408 128 ) (816 1408 576 ) 
4 158 163 (816 1408 128 ) (816 1504 128 ) (848 1504 128 ) (848 1408 128 ) 
4 158 162 (848 1504 128 ) (880 1504 128 ) (880 1408 128 ) (848 1408 128 ) 
4 158 161 (880 1504 128 ) (912 1504 128 ) (912 1408 128 ) (880 1408 128 ) 
4 158 160 (912 1504 128 ) (944 1504 128 ) (944 1408 128 ) (912 1408 128 ) 
4 159 195 (1024 1408 -22.823563 ) (1024 1408 0 ) (976 1408 0 ) (976 1408 -26.352974 ) 
4 160 161 (912 1408 128 ) (912 1504 128 ) (912 1504 112 ) (912 1408 112 ) 
4 161 162 (880 1408 128 ) (880 1504 128 ) (880 1504 96 ) (880 1408 96 ) 
4 162 163 (848 1408 128 ) (848 1504 128 ) (848 1504 80 ) (848 1408 80 ) 
4 163 164 (816 1504 128 ) (816 1504 64 ) (816 1408 64 ) (816 1408 128 ) 
4 164 175 (784 1408 576 ) (784 1408 544 ) (816 1408 544 ) (816 1408 576 ) 
4 164 165 (784 1504 576 ) (784 1504 48 ) (784 1408 48 ) (784 1408 576 ) 
4 165 175 (752 1408 576 ) (752 1408 544 ) (784 1408 544 ) (784 1408 576 ) 
4 165 166 (752 1504 576 ) (752 1504 32 ) (752 1408 32 ) (752 1408 576 ) 
4 166 175 (720 1408 576 ) (720 1408 544 ) (752 1408 544 ) (752 1408 576 ) 
4 166 167 (720 1504 576 ) (720 1504 16 ) (720 1408 16 ) (720 1408 576 ) 
4 167 175 (688 1408 576 ) (688 1408 544 ) (720 1408 544 ) (720 1408 576 ) 
4 167 168 (688 1504 576 ) (688 1504 0 ) (688 1408 0 ) (688 1408 576 ) 
4 168 195 (656 1408 0 ) (656 1408 -16 ) (688 1408 -16 ) (688 1408 0 ) 
4 168 175 (656 1408 576 ) (656 1408 544 ) (688 1408 544 ) (688 1408 576 ) 
4 168 169 (656 1504 576 ) (656 1504 -16 ) (656 1408 -16 ) (656 1408 576 ) 
4 169 196 (0 1408 -32 ) (0 1408 576 ) (0 1504 576 ) (0 1504 -32 ) 
4 169 195 (0 1408 0 ) (0 1408 -32 ) (656 1408 -32 ) (656 1408 0 ) 
4 169 194 (0 1408 16 ) (0 1408 0 ) (80 1408 0 ) (80 1408 16 ) 
4 169 191 (0 1408 384 ) (0 1408 16 ) (80 1408 16 ) (80 1408 384 ) 
4 169 175 (656 1408 544 ) (656 1408 576 ) (80 1408 576 ) (80 1408 544 ) 
4 169 176 (0 1408 576 ) (0 1408 384 ) (80 1408 384 ) (80 1408 576 ) 
4 169 170 (0 1504 -32 ) (624 1504 -32 ) (624 1408 -32 ) (0 1408 -32 ) 
4 170 196 (0 1504 -98.117661 ) (0 1408 -98.117661 ) (0 1408 -32 ) (0 1504 -32 ) 
4 170 195 (0 1408 -32 ) (0 1408 -98.117676 ) (624 1408 -52.235329 ) (624 1408 -32 ) 
4 170 172 (464 1408 -64 ) (0 1408 -98.117676 ) (0 1504 -98.117676 ) (464 1504 -64 ) 
4 171 172 (464 1920 -128 ) (464 1664 -128 ) (464 1664 -64.002007 ) (464 1920 -64.002014 ) 
4 172 196 (0 2048 -98.117676 ) (0 2048 -128 ) (0 1408 -128 ) (0 1408 -98.117661 ) 
4 172 195 (464 1408 -64 ) (0 1408 -98.117676 ) (0 1408 -128 ) (464 1408 -128 ) 
4 172 174 (464 1408 -128 ) (0 1408 -128 ) (0 2048 -128 ) (464 2048 -128 ) 
4 173 195 (1024 1408 -160 ) (1024 1408 -144 ) (464 1408 -144 ) (464 1408 -160 ) 
4 173 174 (464 2048 -160 ) (464 1408 -160 ) (464 1408 -144 ) (464 2048 -144 ) 
4 174 196 (0 2048 -128 ) (0 2048 -160 ) (0 1408 -160 ) (0 1408 -128 ) 
4 174 195 (464 1408 -128 ) (0 1408 -128 ) (0 1408 -160 ) (464 1408 -160 ) 
4 175 197 (1024 1024 544 ) (1024 1024 576 ) (80 1024 576 ) (80 1024 544 ) 
4 175 176 (80 1024 544 ) (80 1024 576 ) (80 1408 576 ) (80 1408 544 ) 
4 176 198 (0 1024 544 ) (0 1024 384 ) (80 1024 384 ) (80 1024 544 ) 
4 176 197 (80 1024 576 ) (0 1024 576 ) (0 1024 544 ) (80 1024 544 ) 
4 176 196 (0 1024 384 ) (0 1024 576 ) (0 1408 576 ) (0 1408 384 ) 
4 176 193 (80 1024 384 ) (0 1024 384 ) (0 1104 384 ) (80 1104 384 ) 
4 176 191 (0 1104 384 ) (0 1408 384 ) (80 1408 384 ) (80 1104 384 ) 
4 177 192 (1024 1104 272 ) (1024 1104 384 ) (464 1104 384 ) (464 1104 272 ) 
4 178 184 (1024 1120 256 ) (976 1120 256 ) (976 1120 144 ) (1024 1120 144 ) 
4 179 184 (976 1120 16 ) (1024 1120 16 ) (1024 1120 128 ) (976 1120 128 ) 
4 180 187 (800 1120 256 ) (720 1120 256 ) (720 1120 144 ) (800 1120 144 ) 
4 180 185 (944 1120 256 ) (880 1120 256 ) (880 1120 176 ) (944 1120 176 ) 
4 181 187 (720 1120 128 ) (720 1120 16 ) (800 1120 16 ) (800 1120 128 ) 
4 181 186 (944 1120 48 ) (944 1120 128 ) (880 1120 128 ) (880 1120 48 ) 
4 182 190 (544 1120 256 ) (464 1120 256 ) (464 1120 144 ) (544 1120 144 ) 
4 182 188 (688 1120 256 ) (624 1120 256 ) (624 1120 176 ) (688 1120 176 ) 
4 183 190 (464 1120 128 ) (464 1120 16 ) (544 1120 16 ) (544 1120 128 ) 
4 183 189 (688 1120 48 ) (688 1120 128 ) (624 1120 128 ) (624 1120 48 ) 
4 184 192 (976 1104 16 ) (1024 1104 16 ) (1024 1104 256 ) (976 1104 256 ) 
4 185 192 (944 1104 176 ) (944 1104 256 ) (880 1104 256 ) (880 1104 176 ) 
4 186 192 (944 1104 48 ) (944 1104 128 ) (880 1104 128 ) (880 1104 48 ) 
4 187 192 (720 1104 16 ) (800 1104 16 ) (800 1104 256 ) (720 1104 256 ) 
4 188 192 (688 1104 176 ) (688 1104 256 ) (624 1104 256 ) (624 1104 176 ) 
4 189 192 (688 1104 48 ) (688 1104 128 ) (624 1104 128 ) (624 1104 48 ) 
4 190 192 (464 1104 16 ) (544 1104 16 ) (544 1104 256 ) (464 1104 256 ) 
4 191 196 (0 1104 384 ) (0 1408 384 ) (0 1408 16 ) (0 1104 16 ) 
4 191 194 (0 1104 16 ) (0 1408 16 ) (80 1408 16 ) (80 1104 16 ) 
4 191 193 (0 1104 16 ) (80 1104 16 ) (80 1104 384 ) (0 1104 384 ) 
4 192 202 (1024 1024 16 ) (1024 1024 384 ) (384 1024 384 ) (384 1024 16 ) 
4 193 214 (80 1024 384 ) (0 1024 384 ) (0 1024 16 ) (80 1024 16 ) 
4 193 196 (0 1024 16 ) (0 1024 384 ) (0 1104 384 ) (0 1104 16 ) 
4 193 194 (0 1024 16 ) (0 1104 16 ) (80 1104 16 ) (80 1024 16 ) 
4 194 229 (80 1024 16 ) (0 1024 16 ) (0 1024 0 ) (80 1024 0 ) 
4 194 196 (0 1024 0 ) (0 1024 16 ) (0 1408 16 ) (0 1408 0 ) 
4 194 195 (80 1024 0 ) (0 1024 0 ) (0 1408 0 ) (80 1408 0 ) 
4 195 228 (1024 1024 -160 ) (1024 1024 0 ) (80 1024 0 ) (80 1024 -160 ) 
4 195 229 (80 1024 0 ) (0 1024 0 ) (0 1024 -160 ) (80 1024 -160 ) 
4 195 196 (0 1024 -160 ) (0 1024 0 ) (0 1408 0 ) (0 1408 -160 ) 
4 196 230 (0 1024 -160 ) (0 1024 576 ) (-16 1024 576 ) (-16 1024 -160 ) 
4 197 230 (0 1024 576 ) (0 1024 544 ) (0 544 544 ) (0 544 576 ) 
4 197 215 (1024 544 544 ) (1024 544 576 ) (0 544 576 ) (0 544 544 ) 
4 197 200 (512 544 544 ) (80 544 544 ) (80 1008 544 ) (512 1008 544 ) 
4 197 199 (1024 544 544 ) (512 544 544 ) (512 1008 544 ) (1024 1008 544 ) 
4 197 201 (80 544 544 ) (0 544 544 ) (0 1008 544 ) (80 1008 544 ) 
4 197 198 (0 1008 544 ) (0 1024 544 ) (80 1024 544 ) (80 1008 544 ) 
4 198 230 (0 1024 544 ) (0 1024 384 ) (0 1008 384 ) (0 1008 544 ) 
4 198 214 (0 1008 384 ) (0 1024 384 ) (80 1024 384 ) (80 1008 384 ) 
4 198 201 (0 1008 384 ) (80 1008 384 ) (80 1008 544 ) (0 1008 544 ) 
4 199 215 (1024 544 400 ) (1024 544 544 ) (512 544 544 ) (512 544 400 ) 
4 199 202 (1024 544 384 ) (512 544 384 ) (512 1008 384 ) (1024 1008 384 ) 
3 199 200 (512 1008 544 ) (512 544 400 ) (512 544 544 ) 
4 200 215 (512 544 544 ) (80 544 544 ) (80 544 400 ) (512 544 400 ) 
3 200 201 (80 1008 544 ) (80 544 400 ) (80 544 544 ) 
4 201 230 (0 1008 384 ) (0 544 384 ) (0 544 544 ) (0 1008 544 ) 
4 201 216 (0 544 400 ) (0 544 384 ) (80 544 384 ) (80 544 400 ) 
4 201 215 (80 544 544 ) (0 544 544 ) (0 544 400 ) (80 544 400 ) 
4 201 214 (80 544 384 ) (0 544 384 ) (0 1008 384 ) (80 1008 384 ) 
4 202 225 (384 544 16 ) (672 544 16 ) (672 544 384 ) (384 544 384 ) 
4 202 224 (672 544 16 ) (688 544 16 ) (688 544 384 ) (672 544 384 ) 
4 202 222 (688 544 16 ) (832 544 16 ) (832 544 384 ) (688 544 384 ) 
4 202 220 (832 544 16 ) (864 544 16 ) (864 544 384 ) (832 544 384 ) 
4 202 218 (864 544 16 ) (896 544 16 ) (896 544 384 ) (864 544 384 ) 
4 202 217 (896 544 16 ) (1024 544 16 ) (1024 544 384 ) (896 544 384 ) 
4 202 209 (384 624 16 ) (384 544 16 ) (384 544 256 ) (384 624 256 ) 
4 202 208 (384 704 48 ) (384 704 128 ) (384 768 128 ) (384 768 48 ) 
4 202 207 (384 704 176 ) (384 704 256 ) (384 768 256 ) (384 768 176 ) 
4 202 206 (384 880 16 ) (384 800 16 ) (384 800 256 ) (384 880 256 ) 
4 202 204 (384 960 176 ) (384 960 256 ) (384 1024 256 ) (384 1024 176 ) 
4 202 205 (384 960 48 ) (384 960 128 ) (384 1024 128 ) (384 1024 48 ) 
4 202 203 (384 544 272 ) (384 544 384 ) (384 1024 384 ) (384 1024 272 ) 
4 204 210 (368 960 176 ) (368 960 256 ) (368 1024 256 ) (368 1024 176 ) 
4 205 212 (368 960 48 ) (368 960 128 ) (368 1024 128 ) (368 1024 48 ) 
4 206 212 (368 880 16 ) (368 800 16 ) (368 800 128 ) (368 880 128 ) 
4 206 210 (368 800 144 ) (368 800 256 ) (368 880 256 ) (368 880 144 ) 
4 207 211 (368 704 176 ) (368 704 256 ) (368 768 256 ) (368 768 176 ) 
4 208 213 (368 704 48 ) (368 704 128 ) (368 768 128 ) (368 768 48 ) 
4 209 213 (368 624 16 ) (368 544 16 ) (368 544 128 ) (368 624 128 ) 
4 209 211 (368 544 144 ) (368 544 256 ) (368 624 256 ) (368 624 144 ) 
4 214 230 (0 1024 384 ) (0 1024 16 ) (0 544 16 ) (0 544 384 ) 
4 214 229 (0 544 16 ) (0 1024 16 ) (80 1024 16 ) (80 544 16 ) 
4 214 226 (0 544 16 ) (80 544 16 ) (80 544 384 ) (0 544 384 ) 
4 215 230 (0 144 400 ) (0 144 576 ) (0 544 576 ) (0 544 400 ) 
4 215 216 (80 144 400 ) (0 144 400 ) (0 544 400 ) (80 544 400 ) 
4 216 230 (0 144 384 ) (0 144 400 ) (0 544 400 ) (0 544 384 ) 
4 216 227 (80 144 384 ) (0 144 384 ) (0 272 384 ) (80 272 384 ) 
4 216 226 (0 272 384 ) (0 544 384 ) (80 544 384 ) (80 272 384 ) 
4 217 219 (896 160 32 ) (896 160 384 ) (896 240 384 ) (896 240 32 ) 
4 217 218 (896 240 384 ) (896 544 384 ) (896 544 16 ) (896 240 16 ) 
4 218 220 (864 240 384 ) (864 544 384 ) (864 544 16 ) (864 240 16 ) 
4 218 219 (864 240 384 ) (864 240 32 ) (896 240 32 ) (896 240 384 ) 
4 219 221 (864 160 48 ) (864 160 384 ) (864 240 384 ) (864 240 48 ) 
4 220 223 (832 240 384 ) (832 448 384 ) (832 448 64 ) (832 240 64 ) 
4 220 222 (832 448 384 ) (832 544 384 ) (832 544 16 ) (832 448 16 ) 
4 220 221 (832 240 384 ) (832 240 48 ) (864 240 48 ) (864 240 384 ) 
4 221 223 (832 160 64 ) (832 160 384 ) (832 240 384 ) (832 240 64 ) 
4 222 224 (688 448 384 ) (688 544 384 ) (688 544 16 ) (688 448 16 ) 
4 222 223 (688 448 384 ) (688 448 64 ) (832 448 64 ) (832 448 384 ) 
4 224 225 (672 448 384 ) (672 544 384 ) (672 544 16 ) (672 448 16 ) 
4 226 230 (0 544 16 ) (0 272 16 ) (0 272 384 ) (0 544 384 ) 
4 226 229 (0 272 16 ) (0 544 16 ) (80 544 16 ) (80 272 16 ) 
4 226 227 (0 272 16 ) (80 272 16 ) (80 272 384 ) (0 272 384 ) 
4 227 230 (0 272 16 ) (0 144 16 ) (0 144 384 ) (0 272 384 ) 
4 227 229 (0 144 16 ) (0 272 16 ) (80 272 16 ) (80 144 16 ) 
4 228 229 (80 1024 -160 ) (80 144 -160 ) (80 144 0 ) (80 1024 0 ) 
4 229 230 (0 1024 16 ) (0 1024 -160 ) (0 144 -160 ) (0 144 16 ) 
