


materialPath: C:\Steam\steamapps\common\Team Fortress 2\tf\materials
Loading C:\Users\danie\Desktop\Mapping\WiP Maps\NewMap\instances\3dskybox.vmf
Patching WVT material: maps/3dskybox/nature/blendrockgroundwallsnow_wvt_patch
Patching WVT material: maps/3dskybox/arctic/arctic_snowblendrock_wvt_patch
Patching WVT material: maps/3dskybox/nature/blendsnowtocobble002a_wvt_patch
fixing up env_cubemap materials on brush sides...
0...1...2...3...4...5...6...7...8...9...100...1...2...3...4...5...6...7...8...9...10Processing areas...done (0)
Building Faces...done (0)
FixTjuncs...
PruneNodes...
WriteBSP...
done (0)
writing C:\Users\danie\Desktop\Mapping\WiP Maps\NewMap\instances\3dskybox.prt...Building visibility clusters...
done (0)
*** Error: Skybox vtf files for skybox/sky_tf2_04 weren't compiled with the same size texture and/or same flags!
Can't load skybox file skybox/sky_tf2_04 to build the default cubemap!
*** Error: Skybox vtf files for skybox/sky_tf2_04 weren't compiled with the same size texture and/or same flags!
Can't load skybox file skybox/sky_tf2_04 to build the default cubemap!
Finding displacement neighbors...
Finding lightmap sample positions...
Displacement Alpha : 0...1...2...3...4...5...6...7...8...9...10
Building Physics collision data...
done (0) (5110 bytes)
Placing detail props : 0...1...2...3...4...5...6...7...8...9...10
Water found with no water_lod_control entity, creating a default one.
Compacting texture/material tables...
Reduced 118 texinfos to 52
Reduced 18 texdatas to 10 (565 bytes to 229)
Writing C:\Users\danie\Desktop\Mapping\WiP Maps\NewMap\instances\3dskybox.bsp
MSG_FILEWRITE - Filesystem was asked to write to 'C:\Users\danie\Desktop\Mapping\WiP Maps\NewMap\instances\3dskybox.bsp', but we don't own that location. Allowing.
Wrote ZIP buffer, estimated size 2634, actual size 2018
0 seconds elapsed



8 threads
reading c:\users\danie\desktop\mapping\wip maps\newmap\instances\3dskybox.bsp
reading c:\users\danie\desktop\mapping\wip maps\newmap\instances\3dskybox.prt
   1 portalclusters
   0 numportals
0...1...2...3...4...5...6...7...8...9...100...1...2...3...4...5...6...7...8...9...10Optimized: 0 visible clusters (0.00%)
Total clusters visible: 1
Average clusters visible: 1
Building PAS...
Average clusters audible: 1
visdatasize:14  compressed from 16
writing c:\users\danie\desktop\mapping\wip maps\newmap\instances\3dskybox.bsp
MSG_FILEWRITE - Filesystem was asked to write to 'c:\users\danie\desktop\mapping\wip maps\newmap\instances\3dskybox.bsp', but we don't own that location. Allowing.
0 seconds elapsed



[Reading texlights from 'lights.rad']
[56 texlights parsed from 'lights.rad']

Loading c:\users\danie\desktop\mapping\wip maps\newmap\instances\3dskybox.bsp
106 faces
51511 square feet [7417636.00 square inches]
62 Displacements
4760 Square Feet [685453.50 Square Inches]
106 patches before subdivision
136 patches after subdivision
2 direct lights
0...1...2...3...4...5...6...7...8...9...100...1...2...3...4...5...6...7...8...9...10transfers 663, max 35
transfer lists:   0.0 megs
0...1...2...3...4...5...6...7...8...9...10	Bounce #1 added RGB(8, 6, 14)
0...1...2...3...4...5...6...7...8...9...10	Bounce #2 added RGB(0, 0, 0)
Build Patch/Sample Hash Table(s).....Done<0.0001 sec>
0...1...2...3...4...5...6...7...8...9...10FinalLightFace Done
0 of 0 (0% of) surface lights went in leaf ambient cubes.
0...1...2...3...4...5...6...7...8...9...10Writing leaf ambient...done
Ready to Finish

Object names       Objects/Maxobjs  Memory / Maxmem  Fullness 
------------       ---------------  ---------------  -------- 
models                   1/1024           48/49152    ( 0.1%) 
brushes                 12/8192          144/98304    ( 0.1%) 
brushsides              72/65536         576/524288   ( 0.1%) 
planes                 376/65536        7520/1310720  ( 0.6%) 
vertexes               277/65536        3324/786432   ( 0.4%) 
nodes                   73/65536        2336/2097152  ( 0.1%) 
texinfos                52/12288        3744/884736   ( 0.4%) 
texdata                 10/2048          320/65536    ( 0.5%) 
dispinfos               62/0           10912/0        ( 0.0%) 
disp_verts            3846/0           76920/0        ( 0.0%) 
disp_tris             5920/0           11840/0        ( 0.0%) 
disp_lmsamples       10424/0           10424/0        ( 0.0%) 
faces                  106/65536        5936/3670016  ( 0.2%) 
hdr faces                0/65536           0/3670016  ( 0.0%) 
origfaces               84/65536        4704/3670016  ( 0.1%) 
leaves                  75/65536        2400/2097152  ( 0.1%) 
leaffaces               82/65536         164/131072   ( 0.1%) 
leafbrushes             32/65536          64/131072   ( 0.0%) 
areas                    2/256            16/2048     ( 0.8%) 
surfedges              783/512000       3132/2048000  ( 0.2%) 
edges                  600/256000       2400/1024000  ( 0.2%) 
LDR worldlights          2/8192          176/720896   ( 0.0%) 
HDR worldlights          0/8192            0/720896   ( 0.0%) 
leafwaterdata            2/32768          24/393216   ( 0.0%) 
waterstrips              2/32768          20/327680   ( 0.0%) 
waterverts               0/65536           0/786432   ( 0.0%) 
waterindices            36/65536          72/131072   ( 0.1%) 
cubemapsamples           0/1024            0/16384    ( 0.0%) 
overlays                 0/512             0/180224   ( 0.0%) 
LDR lightdata         [variable]       46248/0        ( 0.0%) 
HDR lightdata         [variable]           0/0        ( 0.0%) 
visdata               [variable]          14/16777216 ( 0.0%) 
entdata               [variable]        4914/393216   ( 1.2%) 
LDR ambient table       75/65536         300/262144   ( 0.1%) 
HDR ambient table       75/65536         300/262144   ( 0.1%) 
LDR leaf ambient       411/65536       11508/1835008  ( 0.6%) 
HDR leaf ambient        75/65536        2100/1835008  ( 0.1%) 
occluders                0/0               0/0        ( 0.0%) 
occluder polygons        0/0               0/0        ( 0.0%) 
occluder vert ind        0/0               0/0        ( 0.0%) 
detail props          [variable]           1/12       ( 8.3%) 
static props          [variable]           1/2480     ( 0.0%) 
pakfile               [variable]        2018/0        ( 0.0%) 
physics               [variable]        5110/4194304  ( 0.1%) 
physics terrain       [variable]       20312/1048576  ( 1.9%) 

Level flags = 0

Total triangle count: 235
Writing c:\users\danie\desktop\mapping\wip maps\newmap\instances\3dskybox.bsp
0 seconds elapsed



materialPath: C:\Steam\steamapps\common\Team Fortress 2\tf\materials
Loading C:\Users\danie\Desktop\Mapping\WiP Maps\Snowday\instances\3dskybox.vmf
Patching WVT material: maps/3dskybox/nature/blendrockgroundwallsnow_wvt_patch
Patching WVT material: maps/3dskybox/nature/blendsnowtocobble002a_wvt_patch
Patching WVT material: maps/3dskybox/arctic/arctic_snowblendrock_wvt_patch
fixing up env_cubemap materials on brush sides...
0...1...2...3...4...5...6...7...8...9...100...1...2...3...4...5...6...7...8...9...10Processing areas...done (0)
Building Faces...done (0)
Chop Details...done (0)
Find Visible Detail Sides...
Merged 6 detail faces...done (0)
Merging details...done (0)
FixTjuncs...
PruneNodes...
WriteBSP...
done (0)
writing C:\Users\danie\Desktop\Mapping\WiP Maps\Snowday\instances\3dskybox.prt...Building visibility clusters...
done (0)
*** Error: Skybox vtf files for skybox/sky_tf2_04 weren't compiled with the same size texture and/or same flags!
Can't load skybox file skybox/sky_tf2_04 to build the default cubemap!
*** Error: Skybox vtf files for skybox/sky_tf2_04 weren't compiled with the same size texture and/or same flags!
Can't load skybox file skybox/sky_tf2_04 to build the default cubemap!
Finding displacement neighbors...
Finding lightmap sample positions...
Displacement Alpha : 0...1...2...3...4...5...6...7...8...9...10
Building Physics collision data...
done (0) (7261 bytes)
Placing detail props : 0...1...2...3...4...5...6...7...8...9...10
Water found with no water_lod_control entity, creating a default one.
Compacting texture/material tables...
Reduced 146 texinfos to 63
Reduced 22 texdatas to 16 (645 bytes to 353)
Writing C:\Users\danie\Desktop\Mapping\WiP Maps\Snowday\instances\3dskybox.bsp
MSG_FILEWRITE - Filesystem was asked to write to 'C:\Users\danie\Desktop\Mapping\WiP Maps\Snowday\instances\3dskybox.bsp', but we don't own that location. Allowing.
Wrote ZIP buffer, estimated size 2634, actual size 2018
0 seconds elapsed



8 threads
reading c:\users\danie\desktop\mapping\wip maps\snowday\instances\3dskybox.bsp
reading c:\users\danie\desktop\mapping\wip maps\snowday\instances\3dskybox.prt
   1 portalclusters
   0 numportals
0...1...2...3...4...5...6...7...8...9...100...1...2...3...4...5...6...7...8...9...10Optimized: 0 visible clusters (0.00%)
Total clusters visible: 1
Average clusters visible: 1
Building PAS...
Average clusters audible: 1
visdatasize:14  compressed from 16
writing c:\users\danie\desktop\mapping\wip maps\snowday\instances\3dskybox.bsp
MSG_FILEWRITE - Filesystem was asked to write to 'c:\users\danie\desktop\mapping\wip maps\snowday\instances\3dskybox.bsp', but we don't own that location. Allowing.
0 seconds elapsed



[Reading texlights from 'lights.rad']
[56 texlights parsed from 'lights.rad']

Loading c:\users\danie\desktop\mapping\wip maps\snowday\instances\3dskybox.bsp
242 faces
43801 square feet [6307394.50 square inches]
169 Displacements
4712 Square Feet [678638.75 Square Inches]
242 patches before subdivision
68300 patches after subdivision
2 direct lights
0...1...2...3...4...5...6...